Save repository element : PR_Euras : Creation of initial version
Save repository element : OdooSE0022 : Creation of initial version
Save database : Modification by user
Save repository element : OdooSE0022 : Modification by user
Creating database: basis_sba
Save repository element : basis_sba : Creation of initial version
Updating database connection   {0} 
Save repository element : basis_sba : Modification by user
Updating database connection   {0} 
Save repository element : basis_sba : Modification by user
Updating database connection   {0} 
Save repository element : basis_sba_rem : Modification by user
Creating database: basis_sba_local
Save repository element : basis_sba_local : Creation of initial version
Updating database connection   {0} 
Save repository element : basis_sba_rem : Modification by user
Updating database connection   {0} 
Save repository element : basis_sba_rem : Modification by user
Updating database connection   {0} 
Save repository element : basis_sba_local : Modification by user
Save database : Modification by user
Save repository element : OdooSE0022 : Modification by user
Creating database: Odoo_SBA1
Save repository element : Odoo_SBA1 : Creation of initial version
Creating database: Odoo_SE0022
Save repository element : Odoo_SE0022 : Creation of initial version
Updating database connection   {0} 
Save repository element : PostgresSE0022 : Modification by user
Updating database connection   {0} 
Save repository element : OdooSE0022 : Modification by user
